<?xml version="1.0" encoding="UTF-8"?>
<testsuite name="LexerTest" tests="1" skipped="0" failures="0" errors="0" timestamp="2019-04-15T17:25:50" hostname="DeesthorteredPC" time="0.004">
  <properties/>
  <testcase name="parse1" classname="LexerTest" time="0.004"/>
  <system-out><![CDATA[?
]]></system-out>
  <system-err><![CDATA[]]></system-err>
</testsuite>
